<?xml version="1.0" encoding="UTF-8"?>
<testsuite xmlns:xsi="http://www.w3.org/2001/XMLSchema-instance" xsi:noNamespaceSchemaLocation="https://maven.apache.org/surefire/maven-surefire-plugin/xsd/surefire-test-report-3.0.xsd" version="3.0" name="com.kollu.order.OrderMsApplicationTests" time="6.741" tests="1" errors="0" skipped="0" failures="0">
  <properties>
[...]
</properties>
  <testcase name="contextLoads" classname="com.kollu.order.OrderMsApplicationTests" time="0.686">
    <system-out><![CDATA[00:25:38.184 [main] INFO org.springframework.test.context.support.AnnotationConfigContextLoaderUtils -- Could not detect default configuration classes for test class [com.kollu.order.OrderMsApplicationTests]: OrderMsApplicationTests does not declare any static, non-private, non-final, nested classes annotated with @Configuration.
00:25:38.273 [main] INFO org.springframework.boot.test.context.SpringBootTestContextBootstrapper -- Found @SpringBootConfiguration com.kollu.order.OrderMsApplication for test class com.kollu.order.OrderMsApplicationTests
00:25:38.488 [main] INFO org.springframework.boot.devtools.restart.RestartApplicationListener -- Restart disabled due to context in which it is running

  .   ____          _            __ _ _
 /\\ / ___'_ __ _ _(_)_ __  __ _ \ \ \ \
( ( )\___ | '_ | '_| | '_ \/ _` | \ \ \ \
 \\/  ___)| |_)| | | | | || (_| |  ) ) ) )
  '  |____| .__|_| |_|_| |_\__, | / / / /
 =========|_|==============|___/=/_/_/_/
 :: Spring Boot ::               (v3.1.10)

2024-04-17T00:25:38.778-04:00  INFO 21752 --- [           main] c.kollu.order.OrderMsApplicationTests    : Starting OrderMsApplicationTests using Java 17.0.10 with PID 21752 (started by bhard in C:\Users\bhard\kollu\workspace\testws1\order-ms)
2024-04-17T00:25:38.779-04:00  INFO 21752 --- [           main] c.kollu.order.OrderMsApplicationTests    : No active profile set, falling back to 1 default profile: "default"
2024-04-17T00:25:39.440-04:00  INFO 21752 --- [           main] .s.d.r.c.RepositoryConfigurationDelegate : Bootstrapping Spring Data JPA repositories in DEFAULT mode.
2024-04-17T00:25:39.539-04:00  INFO 21752 --- [           main] .s.d.r.c.RepositoryConfigurationDelegate : Finished Spring Data repository scanning in 84 ms. Found 1 JPA repository interface.
2024-04-17T00:25:40.301-04:00  INFO 21752 --- [           main] o.hibernate.jpa.internal.util.LogHelper  : HHH000204: Processing PersistenceUnitInfo [name: default]
2024-04-17T00:25:40.396-04:00  INFO 21752 --- [           main] org.hibernate.Version                    : HHH000412: Hibernate ORM core version 6.2.22.Final
2024-04-17T00:25:40.400-04:00  INFO 21752 --- [           main] org.hibernate.cfg.Environment            : HHH000406: Using bytecode reflection optimizer
2024-04-17T00:25:40.697-04:00  INFO 21752 --- [           main] o.s.o.j.p.SpringPersistenceUnitInfo      : No LoadTimeWeaver setup: ignoring JPA class transformer
2024-04-17T00:25:40.727-04:00  INFO 21752 --- [           main] com.zaxxer.hikari.HikariDataSource       : HikariPool-1 - Starting...
2024-04-17T00:25:41.016-04:00  INFO 21752 --- [           main] com.zaxxer.hikari.pool.HikariPool        : HikariPool-1 - Added connection oracle.jdbc.driver.T4CConnection@333d44f6
2024-04-17T00:25:41.018-04:00  INFO 21752 --- [           main] com.zaxxer.hikari.HikariDataSource       : HikariPool-1 - Start completed.
2024-04-17T00:25:41.106-04:00  WARN 21752 --- [           main] org.hibernate.orm.deprecation            : HHH90000025: OracleDialect does not need to be specified explicitly using 'hibernate.dialect' (remove the property setting and it will be selected by default)
Hibernate: 
    create global temporary table HTE_order_table(order_quantity number(10,0), rn_ number(10,0) not null, id number(19,0), order_amount float(53), order_item varchar2(255 char), order_status varchar2(255 char), primary key (rn_)) 
        on commit delete rows
2024-04-17T00:25:41.958-04:00  INFO 21752 --- [           main] o.h.e.t.j.p.i.JtaPlatformInitiator       : HHH000489: No JTA platform available (set 'hibernate.transaction.jta.platform' to enable JTA platform integration)
Hibernate: 
    create table order_table (
        id number(19,0) not null,
        order_amount float(53),
        order_item varchar2(255 char),
        order_quantity number(10,0),
        order_status varchar2(255 char),
        primary key (id)
    )
Hibernate: 
    create sequence order_table_seq start with 1 increment by 50
2024-04-17T00:25:42.828-04:00  INFO 21752 --- [           main] j.LocalContainerEntityManagerFactoryBean : Initialized JPA EntityManagerFactory for persistence unit 'default'
2024-04-17T00:25:43.413-04:00  WARN 21752 --- [           main] JpaBaseConfiguration$JpaWebConfiguration : spring.jpa.open-in-view is enabled by default. Therefore, database queries may be performed during view rendering. Explicitly configure spring.jpa.open-in-view to disable this warning
2024-04-17T00:25:43.980-04:00  INFO 21752 --- [           main] o.a.k.clients.consumer.ConsumerConfig    : ConsumerConfig values: 
	allow.auto.create.topics = true
	auto.commit.interval.ms = 5000
	auto.include.jmx.reporter = true
	auto.offset.reset = latest
	bootstrap.servers = [localhost:9092]
	check.crcs = true
	client.dns.lookup = use_all_dns_ips
	client.id = consumer-orders-group-1
	client.rack = 
	connections.max.idle.ms = 540000
	default.api.timeout.ms = 60000
	enable.auto.commit = false
	exclude.internal.topics = true
	fetch.max.bytes = 52428800
	fetch.max.wait.ms = 500
	fetch.min.bytes = 1
	group.id = orders-group
	group.instance.id = null
	heartbeat.interval.ms = 3000
	interceptor.classes = []
	internal.leave.group.on.close = true
	internal.throw.on.fetch.stable.offset.unsupported = false
	isolation.level = read_uncommitted
	key.deserializer = class org.apache.kafka.common.serialization.StringDeserializer
	max.partition.fetch.bytes = 1048576
	max.poll.interval.ms = 300000
	max.poll.records = 500
	metadata.max.age.ms = 300000
	metric.reporters = []
	metrics.num.samples = 2
	metrics.recording.level = INFO
	metrics.sample.window.ms = 30000
	partition.assignment.strategy = [class org.apache.kafka.clients.consumer.RangeAssignor, class org.apache.kafka.clients.consumer.CooperativeStickyAssignor]
	receive.buffer.bytes = 65536
	reconnect.backoff.max.ms = 1000
	reconnect.backoff.ms = 50
	request.timeout.ms = 30000
	retry.backoff.ms = 100
	sasl.client.callback.handler.class = null
	sasl.jaas.config = null
	sasl.kerberos.kinit.cmd = /usr/bin/kinit
	sasl.kerberos.min.time.before.relogin = 60000
	sasl.kerberos.service.name = null
	sasl.kerberos.ticket.renew.jitter = 0.05
	sasl.kerberos.ticket.renew.window.factor = 0.8
	sasl.login.callback.handler.class = null
	sasl.login.class = null
	sasl.login.connect.timeout.ms = null
	sasl.login.read.timeout.ms = null
	sasl.login.refresh.buffer.seconds = 300
	sasl.login.refresh.min.period.seconds = 60
	sasl.login.refresh.window.factor = 0.8
	sasl.login.refresh.window.jitter = 0.05
	sasl.login.retry.backoff.max.ms = 10000
	sasl.login.retry.backoff.ms = 100
	sasl.mechanism = GSSAPI
	sasl.oauthbearer.clock.skew.seconds = 30
	sasl.oauthbearer.expected.audience = null
	sasl.oauthbearer.expected.issuer = null
	sasl.oauthbearer.jwks.endpoint.refresh.ms = 3600000
	sasl.oauthbearer.jwks.endpoint.retry.backoff.max.ms = 10000
	sasl.oauthbearer.jwks.endpoint.retry.backoff.ms = 100
	sasl.oauthbearer.jwks.endpoint.url = null
	sasl.oauthbearer.scope.claim.name = scope
	sasl.oauthbearer.sub.claim.name = sub
	sasl.oauthbearer.token.endpoint.url = null
	security.protocol = PLAINTEXT
	security.providers = null
	send.buffer.bytes = 131072
	session.timeout.ms = 45000
	socket.connection.setup.timeout.max.ms = 30000
	socket.connection.setup.timeout.ms = 10000
	ssl.cipher.suites = null
	ssl.enabled.protocols = [TLSv1.2, TLSv1.3]
	ssl.endpoint.identification.algorithm = https
	ssl.engine.factory.class = null
	ssl.key.password = null
	ssl.keymanager.algorithm = SunX509
	ssl.keystore.certificate.chain = null
	ssl.keystore.key = null
	ssl.keystore.location = null
	ssl.keystore.password = null
	ssl.keystore.type = JKS
	ssl.protocol = TLSv1.3
	ssl.provider = null
	ssl.secure.random.implementation = null
	ssl.trustmanager.algorithm = PKIX
	ssl.truststore.certificates = null
	ssl.truststore.location = null
	ssl.truststore.password = null
	ssl.truststore.type = JKS
	value.deserializer = class org.apache.kafka.common.serialization.StringDeserializer

2024-04-17T00:25:44.069-04:00  INFO 21752 --- [           main] o.a.kafka.common.utils.AppInfoParser     : Kafka version: 3.4.1
2024-04-17T00:25:44.069-04:00  INFO 21752 --- [           main] o.a.kafka.common.utils.AppInfoParser     : Kafka commitId: 8a516edc2755df89
2024-04-17T00:25:44.069-04:00  INFO 21752 --- [           main] o.a.kafka.common.utils.AppInfoParser     : Kafka startTimeMs: 1713327944068
2024-04-17T00:25:44.071-04:00  INFO 21752 --- [           main] o.a.k.clients.consumer.KafkaConsumer     : [Consumer clientId=consumer-orders-group-1, groupId=orders-group] Subscribed to topic(s): reversed-orders
2024-04-17T00:25:44.089-04:00  INFO 21752 --- [           main] c.kollu.order.OrderMsApplicationTests    : Started OrderMsApplicationTests in 5.609 seconds (process running for 6.665)
2024-04-17T00:25:44.481-04:00  INFO 21752 --- [ntainer#0-0-C-1] org.apache.kafka.clients.Metadata        : [Consumer clientId=consumer-orders-group-1, groupId=orders-group] Resetting the last seen epoch of partition reversed-orders-0 to 0 since the associated topicId changed from null to 3KyyFrcwSvaUChwdR7-n8w
2024-04-17T00:25:44.482-04:00  INFO 21752 --- [ntainer#0-0-C-1] org.apache.kafka.clients.Metadata        : [Consumer clientId=consumer-orders-group-1, groupId=orders-group] Cluster ID: K7L3X7fvSP-PuAB1InX4hg
2024-04-17T00:25:44.483-04:00  INFO 21752 --- [ntainer#0-0-C-1] o.a.k.c.c.internals.ConsumerCoordinator  : [Consumer clientId=consumer-orders-group-1, groupId=orders-group] Discovered group coordinator bhardwaja.attlocal.net:9092 (id: 2147483647 rack: null)
2024-04-17T00:25:44.492-04:00  INFO 21752 --- [ntainer#0-0-C-1] o.a.k.c.c.internals.ConsumerCoordinator  : [Consumer clientId=consumer-orders-group-1, groupId=orders-group] (Re-)joining group
2024-04-17T00:25:44.503-04:00  INFO 21752 --- [ntainer#0-0-C-1] o.a.k.c.c.internals.ConsumerCoordinator  : [Consumer clientId=consumer-orders-group-1, groupId=orders-group] Request joining group due to: need to re-join with the given member-id: consumer-orders-group-1-5b0d4a03-6e84-4566-ad27-4bfd4cc54708
2024-04-17T00:25:44.504-04:00  INFO 21752 --- [ntainer#0-0-C-1] o.a.k.c.c.internals.ConsumerCoordinator  : [Consumer clientId=consumer-orders-group-1, groupId=orders-group] Request joining group due to: rebalance failed due to 'The group member needs to have a valid member id before actually entering a consumer group.' (MemberIdRequiredException)
2024-04-17T00:25:44.504-04:00  INFO 21752 --- [ntainer#0-0-C-1] o.a.k.c.c.internals.ConsumerCoordinator  : [Consumer clientId=consumer-orders-group-1, groupId=orders-group] (Re-)joining group
2024-04-17T00:25:44.513-04:00  INFO 21752 --- [ntainer#0-0-C-1] o.a.k.c.c.internals.ConsumerCoordinator  : [Consumer clientId=consumer-orders-group-1, groupId=orders-group] Successfully joined group with generation Generation{generationId=61, memberId='consumer-orders-group-1-5b0d4a03-6e84-4566-ad27-4bfd4cc54708', protocol='range'}
2024-04-17T00:25:44.517-04:00  INFO 21752 --- [ntainer#0-0-C-1] o.a.k.c.c.internals.ConsumerCoordinator  : [Consumer clientId=consumer-orders-group-1, groupId=orders-group] Finished assignment for group at generation 61: {consumer-orders-group-1-5b0d4a03-6e84-4566-ad27-4bfd4cc54708=Assignment(partitions=[reversed-orders-0])}
2024-04-17T00:25:44.534-04:00  INFO 21752 --- [ntainer#0-0-C-1] o.a.k.c.c.internals.ConsumerCoordinator  : [Consumer clientId=consumer-orders-group-1, groupId=orders-group] Successfully synced group in generation Generation{generationId=61, memberId='consumer-orders-group-1-5b0d4a03-6e84-4566-ad27-4bfd4cc54708', protocol='range'}
2024-04-17T00:25:44.535-04:00  INFO 21752 --- [ntainer#0-0-C-1] o.a.k.c.c.internals.ConsumerCoordinator  : [Consumer clientId=consumer-orders-group-1, groupId=orders-group] Notifying assignor about the new Assignment(partitions=[reversed-orders-0])
2024-04-17T00:25:44.537-04:00  INFO 21752 --- [ntainer#0-0-C-1] o.a.k.c.c.internals.ConsumerCoordinator  : [Consumer clientId=consumer-orders-group-1, groupId=orders-group] Adding newly assigned partitions: reversed-orders-0
2024-04-17T00:25:44.549-04:00  INFO 21752 --- [ntainer#0-0-C-1] o.a.k.c.c.internals.ConsumerCoordinator  : [Consumer clientId=consumer-orders-group-1, groupId=orders-group] Setting offset for partition reversed-orders-0 to the committed offset FetchPosition{offset=1, offsetEpoch=Optional.empty, currentLeader=LeaderAndEpoch{leader=Optional[bhardwaja.attlocal.net:9092 (id: 0 rack: null)], epoch=0}}
2024-04-17T00:25:44.550-04:00  INFO 21752 --- [ntainer#0-0-C-1] o.s.k.l.KafkaMessageListenerContainer    : orders-group: partitions assigned: [reversed-orders-0]
]]></system-out>
  </testcase>
</testsuite>